#
# A fatal error has been detected by the Java Runtime Environment:
#
#  EXCEPTION_ACCESS_VIOLATION (0xc0000005) at pc=0x6d0e481a, pid=1376, tid=1928
#
# JRE version: 6.0_16-b01
# Java VM: Java HotSpot(TM) Client VM (14.2-b01 mixed mode windows-x86 )
# Problematic frame:
# C  [awt.dll+0x3481a]
#
# If you would like to submit a bug report, please visit:
#   http://java.sun.com/webapps/bugreport/crash.jsp
# The crash happened outside the Java Virtual Machine in native code.
# See problematic frame for where to report the bug.
#

---------------  T H R E A D  ---------------

Current thread (0x0b619800):  JavaThread "AWT-Windows" daemon [_thread_in_native, id=1928, stack(0x0bb60000,0x0bbb0000)]

siginfo: ExceptionCode=0xc0000005, writing address 0xe2666300

Registers:
EAX=0x00000002, EBX=0x00000051, ECX=0x00000055, EDX=0x00000003
ESP=0x0bbaf514, EBP=0x06030302, ESI=0xe2666300, EDI=0x02c123ac
EIP=0x6d0e481a, EFLAGS=0x00010202

Top of Stack: (sp=0x0bbaf514)
0x0bbaf514:   0bbaf570 00000051 0bbaf5f4 00000017
0x0bbaf524:   6d15abd0 067f7f55 00000000 00000051
0x0bbaf534:   00000017 000002bc 0bbaf570 00000000
0x0bbaf544:   00000000 00000051 0b66c088 00000100
0x0bbaf554:   00120820 00000400 e2666300 00000000
0x0bbaf564:   00000000 00000051 00000017 00000000
0x0bbaf574:   00000000 00000051 00000017 00000000
0x0bbaf584:   00000000 00000004 00000400 00000000 

Instructions: (pc=0x6d0e481a)
0x6d0e480a:   00 0f b6 84 01 a0 34 1b 6d 0b ea c1 e5 08 0b e8
0x6d0e481a:   89 2e 83 c7 04 83 c6 04 4b 75 9f 8b 54 24 18 8b 


Stack: [0x0bb60000,0x0bbb0000],  sp=0x0bbaf514,  free space=317k
Native frames: (J=compiled Java code, j=interpreted, Vv=VM code, C=native code)
C  [awt.dll+0x3481a]

Java frames: (J=compiled Java code, j=interpreted, Vv=VM code)
j  sun.awt.windows.WToolkit.eventLoop()V+0
j  sun.awt.windows.WToolkit.run()V+69
j  java.lang.Thread.run()V+11
v  ~StubRoutines::call_stub

---------------  P R O C E S S  ---------------

Java Threads: ( => current thread )
  0x0bd90c00 JavaThread "TimerQueue" daemon [_thread_blocked, id=3812, stack(0x0c190000,0x0c1e0000)]
  0x0bf5a400 JavaThread "D3D Screen Updater" daemon [_thread_blocked, id=2808, stack(0x0c4b0000,0x0c500000)]
  0x0be8f800 JavaThread "SimulationThread" [_thread_blocked, id=1696, stack(0x0c460000,0x0c4b0000)]
  0x0be47400 JavaThread "main" [_thread_blocked, id=580, stack(0x0c370000,0x0c3c0000)]
  0x0be46400 JavaThread "AWT-EventQueue-0" [_thread_in_native, id=532, stack(0x0c320000,0x0c370000)]
  0x0bda3800 JavaThread "RMI TCP Connection(idle)" daemon [_thread_blocked, id=2568, stack(0x0c2d0000,0x0c320000)]
  0x0bda6000 JavaThread "RMI Reaper" [_thread_blocked, id=2472, stack(0x0c280000,0x0c2d0000)]
  0x0b700400 JavaThread "RMI TCP Accept-0" daemon [_thread_in_native, id=2616, stack(0x0c230000,0x0c280000)]
  0x0b70c400 JavaThread "AWT-Shutdown" [_thread_blocked, id=864, stack(0x0c1e0000,0x0c230000)]
  0x0b6e9c00 JavaThread "GC Daemon" daemon [_thread_blocked, id=652, stack(0x0bd40000,0x0bd90000)]
  0x0b6ee000 JavaThread "RMI RenewClean-[127.0.0.1:1681]" daemon [_thread_blocked, id=1240, stack(0x0bcf0000,0x0bd40000)]
  0x0b6ec400 JavaThread "RMI Scheduler(0)" daemon [_thread_blocked, id=3852, stack(0x0bca0000,0x0bcf0000)]
  0x002b7000 JavaThread "DestroyJavaVM" [_thread_blocked, id=656, stack(0x008c0000,0x00910000)]
  0x0b623000 JavaThread "BlueJ worker thread" [_thread_blocked, id=3692, stack(0x0bc40000,0x0bc90000)]
=>0x0b619800 JavaThread "AWT-Windows" daemon [_thread_in_native, id=1928, stack(0x0bb60000,0x0bbb0000)]
  0x0b616800 JavaThread "Java2D Disposer" daemon [_thread_blocked, id=1200, stack(0x0bac0000,0x0bb10000)]
  0x0b54f400 JavaThread "Low Memory Detector" daemon [_thread_blocked, id=1292, stack(0x0b9a0000,0x0b9f0000)]
  0x0b54c400 JavaThread "CompilerThread0" daemon [_thread_blocked, id=1232, stack(0x0b950000,0x0b9a0000)]
  0x0b540c00 JavaThread "JDWP Command Reader" daemon [_thread_in_native, id=2768, stack(0x0b900000,0x0b950000)]
  0x0b53f000 JavaThread "JDWP Event Helper Thread" daemon [_thread_blocked, id=4072, stack(0x0b8b0000,0x0b900000)]
  0x0b53b800 JavaThread "JDWP Transport Listener: dt_socket" daemon [_thread_blocked, id=2228, stack(0x0b860000,0x0b8b0000)]
  0x0b530400 JavaThread "Attach Listener" daemon [_thread_blocked, id=3060, stack(0x0b780000,0x0b7d0000)]
  0x0ab8f000 JavaThread "Signal Dispatcher" daemon [_thread_blocked, id=3768, stack(0x0b730000,0x0b780000)]
  0x0ab8d800 JavaThread "Surrogate Locker Thread (CMS)" daemon [_thread_blocked, id=596, stack(0x0b4e0000,0x0b530000)]
  0x0ab7e800 JavaThread "Finalizer" daemon [_thread_blocked, id=3568, stack(0x0b490000,0x0b4e0000)]
  0x0ab79c00 JavaThread "Reference Handler" daemon [_thread_blocked, id=3156, stack(0x0b440000,0x0b490000)]

Other Threads:
  0x0ab76000 VMThread [stack: 0x0b3f0000,0x0b440000] [id=2608]
  0x0b550c00 WatcherThread [stack: 0x0b9f0000,0x0ba40000] [id=1168]

VM state:not at safepoint (normal execution)

VM Mutex/Monitor currently owned by a thread: None

Heap
 par new generation   total 14784K, used 1978K [0x02a40000, 0x03a40000, 0x03a40000)
  eden space 13184K,  15% used [0x02a40000, 0x02c2e8c8, 0x03720000)
  from space 1600K,   0% used [0x03720000, 0x03720000, 0x038b0000)
  to   space 1600K,   0% used [0x038b0000, 0x038b0000, 0x03a40000)
 concurrent mark-sweep generation total 49152K, used 3042K [0x03a40000, 0x06a40000, 0x06a40000)
 concurrent-mark-sweep perm gen total 18264K, used 10991K [0x06a40000, 0x07c16000, 0x0aa40000)

Dynamic libraries:
0x00400000 - 0x00424000 	C:\Program Files\Java\jdk1.6.0_16\jre\bin\java.exe
0x7c900000 - 0x7c9b2000 	C:\WINDOWS\system32\ntdll.dll
0x7c800000 - 0x7c8f6000 	C:\WINDOWS\system32\kernel32.dll
0x77dd0000 - 0x77e6b000 	C:\WINDOWS\system32\ADVAPI32.dll
0x77e70000 - 0x77f02000 	C:\WINDOWS\system32\RPCRT4.dll
0x77fe0000 - 0x77ff1000 	C:\WINDOWS\system32\Secur32.dll
0x7c340000 - 0x7c396000 	C:\Program Files\Java\jdk1.6.0_16\jre\bin\msvcr71.dll
0x6d8b0000 - 0x6db3b000 	C:\Program Files\Java\jdk1.6.0_16\jre\bin\client\jvm.dll
0x7e410000 - 0x7e4a1000 	C:\WINDOWS\system32\USER32.dll
0x77f10000 - 0x77f59000 	C:\WINDOWS\system32\GDI32.dll
0x76b40000 - 0x76b6d000 	C:\WINDOWS\system32\WINMM.dll
0x76390000 - 0x763ad000 	C:\WINDOWS\system32\IMM32.DLL
0x629c0000 - 0x629c9000 	C:\WINDOWS\system32\LPK.DLL
0x74d90000 - 0x74dfb000 	C:\WINDOWS\system32\USP10.dll
0x6d860000 - 0x6d86c000 	C:\Program Files\Java\jdk1.6.0_16\jre\bin\verify.dll
0x6d3e0000 - 0x6d3ff000 	C:\Program Files\Java\jdk1.6.0_16\jre\bin\java.dll
0x6d340000 - 0x6d348000 	C:\Program Files\Java\jdk1.6.0_16\jre\bin\hpi.dll
0x76bf0000 - 0x76bfb000 	C:\WINDOWS\system32\PSAPI.DLL
0x6d430000 - 0x6d459000 	C:\Program Files\Java\jdk1.6.0_16\jre\bin\jdwp.dll
0x6d750000 - 0x6d756000 	C:\Program Files\Java\jdk1.6.0_16\jre\bin\npt.dll
0x6d8a0000 - 0x6d8af000 	C:\Program Files\Java\jdk1.6.0_16\jre\bin\zip.dll
0x6d2b0000 - 0x6d2b7000 	C:\Program Files\Java\jdk1.6.0_16\jre\bin\dt_socket.dll
0x71ab0000 - 0x71ac7000 	C:\WINDOWS\system32\WS2_32.dll
0x77c10000 - 0x77c68000 	C:\WINDOWS\system32\msvcrt.dll
0x71aa0000 - 0x71aa8000 	C:\WINDOWS\system32\WS2HELP.dll
0x71a50000 - 0x71a8f000 	C:\WINDOWS\system32\mswsock.dll
0x662b0000 - 0x66308000 	C:\WINDOWS\system32\hnetcfg.dll
0x71a90000 - 0x71a98000 	C:\WINDOWS\System32\wshtcpip.dll
0x6d0b0000 - 0x6d1fa000 	C:\Program Files\Java\jdk1.6.0_16\jre\bin\awt.dll
0x73000000 - 0x73026000 	C:\WINDOWS\system32\WINSPOOL.DRV
0x774e0000 - 0x7761d000 	C:\WINDOWS\system32\ole32.dll
0x773d0000 - 0x774d3000 	C:\WINDOWS\WinSxS\x86_Microsoft.Windows.Common-Controls_6595b64144ccf1df_6.0.2600.5512_x-ww_35d4ce83\comctl32.dll
0x77f60000 - 0x77fd6000 	C:\WINDOWS\system32\SHLWAPI.dll
0x5ad70000 - 0x5ada8000 	C:\WINDOWS\system32\uxtheme.dll
0x74720000 - 0x7476c000 	C:\WINDOWS\system32\MSCTF.dll
0x755c0000 - 0x755ee000 	C:\WINDOWS\system32\msctfime.ime
0x68000000 - 0x68036000 	C:\WINDOWS\system32\rsaenh.dll
0x769c0000 - 0x76a74000 	C:\WINDOWS\system32\USERENV.dll
0x5b860000 - 0x5b8b5000 	C:\WINDOWS\system32\netapi32.dll
0x6d6c0000 - 0x6d6d3000 	C:\Program Files\Java\jdk1.6.0_16\jre\bin\net.dll
0x76f20000 - 0x76f47000 	C:\WINDOWS\system32\DNSAPI.dll
0x76fb0000 - 0x76fb8000 	C:\WINDOWS\System32\winrnr.dll
0x76f60000 - 0x76f8c000 	C:\WINDOWS\system32\WLDAP32.dll
0x76fc0000 - 0x76fc6000 	C:\WINDOWS\system32\rasadhlp.dll
0x6d7b0000 - 0x6d7b6000 	C:\Program Files\Java\jdk1.6.0_16\jre\bin\rmi.dll
0x7c9c0000 - 0x7d1d7000 	C:\WINDOWS\system32\shell32.dll
0x6d2e0000 - 0x6d334000 	C:\Program Files\Java\jdk1.6.0_16\jre\bin\fontmanager.dll
0x4fdd0000 - 0x4ff76000 	C:\WINDOWS\system32\d3d9.dll
0x0bb20000 - 0x0bb26000 	C:\WINDOWS\system32\d3d8thk.dll
0x77c00000 - 0x77c08000 	C:\WINDOWS\system32\VERSION.dll
0x6d6e0000 - 0x6d6e9000 	C:\Program Files\Java\jdk1.6.0_16\jre\bin\nio.dll
0x6d500000 - 0x6d524000 	C:\Program Files\Java\jdk1.6.0_16\jre\bin\jpeg.dll
0x6d610000 - 0x6d619000 	C:\Program Files\Java\jdk1.6.0_16\jre\bin\management.dll
0x77b40000 - 0x77b62000 	C:\WINDOWS\system32\Apphelp.dll
0x77120000 - 0x771ab000 	C:\WINDOWS\system32\OLEAUT32.DLL

VM Arguments:
jvm_args: -Xincgc -Dapple.awt.graphics.UseQuartz=true -Xdebug -Xnoagent -Xrunjdwp:transport=dt_socket,server=y 
java_command: bluej.runtime.ExecServer
Launcher Type: SUN_STANDARD

Environment Variables:
CLASSPATH=.;C:\Program Files\QuickTime\QTSystem\QTJava.zip
PATH=C:\WINDOWS\system32;C:\WINDOWS;C:\WINDOWS\System32\Wbem;C:\Program Files\TortoiseSVN\bin;C:\Program Files\QuickTime\QTSystem\;c:\Program Files\Microsoft SQL Server\100\Tools\Binn\;c:\Program Files\Microsoft SQL Server\100\DTS\Binn\;C:\WINDOWS\system32\WindowsPowerShell\v1.0;;
USERNAME=Companion Cube
OS=Windows_NT
PROCESSOR_IDENTIFIER=x86 Family 15 Model 67 Stepping 3, AuthenticAMD



---------------  S Y S T E M  ---------------

OS: Windows XP Build 2600 Service Pack 3

CPU:total 2 (2 cores per cpu, 1 threads per core) family 15 model 67 stepping 3, cmov, cx8, fxsr, mmx, sse, sse2, sse3, mmxext, 3dnow, 3dnowext

Memory: 4k page, physical 2097151k(2092116k free), swap 4194303k(4151624k free)

vm_info: Java HotSpot(TM) Client VM (14.2-b01) for windows-x86 JRE (1.6.0_16-b01), built on Jul 31 2009 11:26:58 by "java_re" with MS VC++ 7.1

time: Tue Oct 06 15:11:53 2009
elapsed time: 57 seconds

